mode: set
github.com/JosePasiniMercadolibre/Go-storage/internal/product/repository.go:33.43,37.2 1 1
github.com/JosePasiniMercadolibre/Go-storage/internal/product/repository.go:39.61,43.16 4 1
github.com/JosePasiniMercadolibre/Go-storage/internal/product/repository.go:46.2,46.21 1 1
github.com/JosePasiniMercadolibre/Go-storage/internal/product/repository.go:43.16,45.3 1 0
github.com/JosePasiniMercadolibre/Go-storage/internal/product/repository.go:49.57,52.16 3 1
github.com/JosePasiniMercadolibre/Go-storage/internal/product/repository.go:57.2,57.18 1 1
github.com/JosePasiniMercadolibre/Go-storage/internal/product/repository.go:66.2,66.22 1 1
github.com/JosePasiniMercadolibre/Go-storage/internal/product/repository.go:52.16,55.3 2 0
github.com/JosePasiniMercadolibre/Go-storage/internal/product/repository.go:57.18,59.114 2 1
github.com/JosePasiniMercadolibre/Go-storage/internal/product/repository.go:63.3,63.39 1 1
github.com/JosePasiniMercadolibre/Go-storage/internal/product/repository.go:59.114,62.4 2 0
github.com/JosePasiniMercadolibre/Go-storage/internal/product/repository.go:69.71,72.16 3 1
github.com/JosePasiniMercadolibre/Go-storage/internal/product/repository.go:76.2,76.18 1 1
github.com/JosePasiniMercadolibre/Go-storage/internal/product/repository.go:84.2,84.22 1 1
github.com/JosePasiniMercadolibre/Go-storage/internal/product/repository.go:72.16,75.3 2 0
github.com/JosePasiniMercadolibre/Go-storage/internal/product/repository.go:76.18,78.114 2 1
github.com/JosePasiniMercadolibre/Go-storage/internal/product/repository.go:82.3,82.39 1 1
github.com/JosePasiniMercadolibre/Go-storage/internal/product/repository.go:78.114,81.4 2 0
github.com/JosePasiniMercadolibre/Go-storage/internal/product/repository.go:87.76,89.16 2 1
github.com/JosePasiniMercadolibre/Go-storage/internal/product/repository.go:93.2,95.16 3 1
github.com/JosePasiniMercadolibre/Go-storage/internal/product/repository.go:99.2,100.16 2 1
github.com/JosePasiniMercadolibre/Go-storage/internal/product/repository.go:104.2,106.21 2 1
github.com/JosePasiniMercadolibre/Go-storage/internal/product/repository.go:89.16,91.3 1 0
github.com/JosePasiniMercadolibre/Go-storage/internal/product/repository.go:95.16,97.3 1 0
github.com/JosePasiniMercadolibre/Go-storage/internal/product/repository.go:100.16,102.3 1 0
github.com/JosePasiniMercadolibre/Go-storage/internal/product/repository.go:109.77,111.16 2 1
github.com/JosePasiniMercadolibre/Go-storage/internal/product/repository.go:116.2,118.16 2 1
github.com/JosePasiniMercadolibre/Go-storage/internal/product/repository.go:123.2,124.16 2 1
github.com/JosePasiniMercadolibre/Go-storage/internal/product/repository.go:128.2,128.21 1 1
github.com/JosePasiniMercadolibre/Go-storage/internal/product/repository.go:111.16,114.3 2 0
github.com/JosePasiniMercadolibre/Go-storage/internal/product/repository.go:118.16,121.3 2 0
github.com/JosePasiniMercadolibre/Go-storage/internal/product/repository.go:124.16,126.3 1 0
github.com/JosePasiniMercadolibre/Go-storage/internal/product/repository.go:131.43,133.16 2 1
github.com/JosePasiniMercadolibre/Go-storage/internal/product/repository.go:137.2,138.16 2 1
github.com/JosePasiniMercadolibre/Go-storage/internal/product/repository.go:142.2,143.16 2 1
github.com/JosePasiniMercadolibre/Go-storage/internal/product/repository.go:147.2,147.18 1 1
github.com/JosePasiniMercadolibre/Go-storage/internal/product/repository.go:150.2,150.12 1 1
github.com/JosePasiniMercadolibre/Go-storage/internal/product/repository.go:133.16,136.3 2 0
github.com/JosePasiniMercadolibre/Go-storage/internal/product/repository.go:138.16,141.3 2 0
github.com/JosePasiniMercadolibre/Go-storage/internal/product/repository.go:143.16,146.3 2 0
github.com/JosePasiniMercadolibre/Go-storage/internal/product/repository.go:147.18,149.3 1 0
